>>> cc

In file included from USER/wtr_mavlink_demo/../protocol.h:85,
                 from USER/wtr_mavlink_demo/wtr_mavlink_demo.h:29,
                 from USER/wtr_mavlink_demo/mavlink.h:32,
                 from ./USER/wtr_mavlink.h:105,
                 from ./USER/wtr_mavlink.c:12:
USER/wtr_mavlink_demo/../mavlink_helpers.h: In function 'mavlink_finalize_message_chan':
USER/wtr_mavlink_demo/../mavlink_helpers.h:86:24: warning: taking address of packed member of 'struct __mavlink_message' may result in an unaligned pointer value [-Waddress-of-packed-member]
   86 |  crc_accumulate_buffer(&msg->checksum, _MAV_PAYLOAD(msg), msg->len);
      |                        ^~~~~~~~~~~~~~
USER/wtr_mavlink_demo/../mavlink_helpers.h:88:28: warning: taking address of packed member of 'struct __mavlink_message' may result in an unaligned pointer value [-Waddress-of-packed-member]
   88 |  crc_accumulate(crc_extra, &msg->checksum);
      |                            ^~~~~~~~~~~~~~
USER/wtr_mavlink_demo/../mavlink_helpers.h: In function 'mavlink_start_checksum':
USER/wtr_mavlink_demo/../mavlink_helpers.h:200:11: warning: taking address of packed member of 'struct __mavlink_message' may result in an unaligned pointer value [-Waddress-of-packed-member]
  200 |  crc_init(&msg->checksum);
      |           ^~~~~~~~~~~~~~
USER/wtr_mavlink_demo/../mavlink_helpers.h: In function 'mavlink_update_checksum':
USER/wtr_mavlink_demo/../mavlink_helpers.h:205:20: warning: taking address of packed member of 'struct __mavlink_message' may result in an unaligned pointer value [-Waddress-of-packed-member]
  205 |  crc_accumulate(c, &msg->checksum);
      |                    ^~~~~~~~~~~~~~
In file included from USER/wtr_mavlink_demo/wtr_mavlink_demo.h:49,
                 from USER/wtr_mavlink_demo/mavlink.h:32,
                 from ./USER/wtr_mavlink.h:105,
                 from ./USER/wtr_mavlink.c:12:
USER/wtr_mavlink_demo/./mavlink_msg_speed.h: In function 'mavlink_msg_speed_send_buf':
USER/wtr_mavlink_demo/./mavlink_msg_speed.h:201:5: warning: converting a packed 'mavlink_message_t' {aka 'struct __mavlink_message'} pointer (alignment 1) to a 'mavlink_speed_t' {aka 'struct __mavlink_speed_t'} pointer (alignment 8) may result in an unaligned pointer value [-Waddress-of-packed-member]
  201 |     mavlink_speed_t *packet = (mavlink_speed_t *)msgbuf;
      |     ^~~~~~~~~~~~~~~
In file included from ./USER/wtr_mavlink.h:22,
                 from ./USER/wtr_mavlink.c:12:
./USER/mavlink_types.h:115:16: note: defined here
  115 | typedef struct __mavlink_message {
      |                ^~~~~~~~~~~~~~~~~
./USER/mavlink_types.h:13:40: note: in definition of macro 'MAVPACKED'
   13 |   #define MAVPACKED( __Declaration__ ) __Declaration__ __attribute__((packed))
      |                                        ^~~~~~~~~~~~~~~
In file included from USER/wtr_mavlink_demo/wtr_mavlink_demo.h:49,
                 from USER/wtr_mavlink_demo/mavlink.h:32,
                 from ./USER/wtr_mavlink.h:105,
                 from ./USER/wtr_mavlink.c:12:
USER/wtr_mavlink_demo/./mavlink_msg_speed.h:7:16: note: defined here
    7 | typedef struct __mavlink_speed_t {
      |                ^~~~~~~~~~~~~~~~~
In file included from USER/wtr_mavlink_demo/wtr_mavlink_demo.h:50,
                 from USER/wtr_mavlink_demo/mavlink.h:32,
                 from ./USER/wtr_mavlink.h:105,
                 from ./USER/wtr_mavlink.c:12:
USER/wtr_mavlink_demo/./mavlink_msg_gyro.h: In function 'mavlink_msg_gyro_send_buf':
USER/wtr_mavlink_demo/./mavlink_msg_gyro.h:240:5: warning: converting a packed 'mavlink_message_t' {aka 'struct __mavlink_message'} pointer (alignment 1) to a 'mavlink_gyro_t' {aka 'struct __mavlink_gyro_t'} pointer (alignment 2) may result in an unaligned pointer value [-Waddress-of-packed-member]
  240 |     mavlink_gyro_t *packet = (mavlink_gyro_t *)msgbuf;
      |     ^~~~~~~~~~~~~~
In file included from ./USER/wtr_mavlink.h:22,
                 from ./USER/wtr_mavlink.c:12:
./USER/mavlink_types.h:115:16: note: defined here
  115 | typedef struct __mavlink_message {
      |                ^~~~~~~~~~~~~~~~~
./USER/mavlink_types.h:13:40: note: in definition of macro 'MAVPACKED'
   13 |   #define MAVPACKED( __Declaration__ ) __Declaration__ __attribute__((packed))
      |                                        ^~~~~~~~~~~~~~~
In file included from USER/wtr_mavlink_demo/wtr_mavlink_demo.h:50,
                 from USER/wtr_mavlink_demo/mavlink.h:32,
                 from ./USER/wtr_mavlink.h:105,
                 from ./USER/wtr_mavlink.c:12:
USER/wtr_mavlink_demo/./mavlink_msg_gyro.h:7:16: note: defined here
    7 | typedef struct __mavlink_gyro_t {
      |                ^~~~~~~~~~~~~~~~

>>> ld

Memory region         Used Size  Region Size  %age Used
             RAM:        1648 B       192 KB      0.84%
          CCMRAM:          0 GB        64 KB      0.00%
           FLASH:        6368 B         2 MB      0.30%
